<?xml version="1.0" encoding="UTF-8"?>
<!-- Generated by org.testng.reporters.JUnitReportReporter -->
<testsuite hostname="DESKTOP-A395QOR" failures="0" tests="1" name="in.amazon.RestAssuredDemo.APIKeyDemo" time="4.549" errors="0" timestamp="2023-08-18T09:17:51 IST" skipped="0">
  <testcase classname="in.amazon.RestAssuredDemo.APIKeyDemo" name="getWeatherInfo" time="4.549"/>
  <system-out/>
</testsuite> <!-- in.amazon.RestAssuredDemo.APIKeyDemo -->
