<?xml version="1.0" encoding="UTF-8"?>
<!-- Generated by org.testng.reporters.JUnitReportReporter -->
<testsuite hostname="DESKTOP-A395QOR" failures="0" tests="1" name="in.amazon.RestAssuredDemo.BearerTokenDemo" time="5.082" errors="0" timestamp="2023-08-18T12:52:37 IST" skipped="0">
  <testcase classname="in.amazon.RestAssuredDemo.BearerTokenDemo" name="createResource" time="5.082"/>
  <system-out/>
</testsuite> <!-- in.amazon.RestAssuredDemo.BearerTokenDemo -->
