<?xml version="1.0" encoding="UTF-8"?>
<!-- Generated by org.testng.reporters.JUnitReportReporter -->
<testsuite hostname="DESKTOP-A395QOR" failures="0" tests="1" name="in.amazon.RestAssuredDemo.GetDemo" time="7.160" errors="0" timestamp="2023-08-17T09:53:46 IST" skipped="0">
  <testcase classname="in.amazon.RestAssuredDemo.GetDemo" name="getServerResponse" time="7.160"/>
  <system-out/>
</testsuite> <!-- in.amazon.RestAssuredDemo.GetDemo -->
