<?xml version="1.0" encoding="UTF-8"?>
<!-- Generated by org.testng.reporters.JUnitReportReporter -->
<testsuite hostname="DESKTOP-A395QOR" failures="0" tests="1" name="in.amazon.RestAssuredDemo.PostDemo" time="4.737" errors="0" timestamp="2023-08-17T10:29:29 IST" skipped="0">
  <testcase classname="in.amazon.RestAssuredDemo.PostDemo" name="createResource" time="4.737"/>
  <system-out/>
</testsuite> <!-- in.amazon.RestAssuredDemo.PostDemo -->
