<?xml version="1.0" encoding="UTF-8"?>
<!-- Generated by org.testng.reporters.JUnitReportReporter -->
<testsuite hostname="DESKTOP-A395QOR" failures="0" tests="1" name="in.amazon.RestAssuredDemo.VerifyCurrencyName" time="5.008" errors="0" timestamp="2023-08-18T12:15:30 IST" skipped="0">
  <testcase classname="in.amazon.RestAssuredDemo.VerifyCurrencyName" name="verifyCurrencyName" time="5.008"/>
  <system-out/>
</testsuite> <!-- in.amazon.RestAssuredDemo.VerifyCurrencyName -->
