<?xml version="1.0" encoding="UTF-8"?>
<!-- Generated by org.testng.reporters.JUnitReportReporter -->
<testsuite hostname="DESKTOP-A395QOR" failures="0" tests="1" name="in.amazon.RestAssuredDemo.DeleteDemo" time="4.320" errors="0" timestamp="2023-08-17T11:36:20 IST" skipped="0">
  <testcase classname="in.amazon.RestAssuredDemo.DeleteDemo" name="deleteResource" time="4.320"/>
  <system-out/>
</testsuite> <!-- in.amazon.RestAssuredDemo.DeleteDemo -->
