<?xml version="1.0" encoding="UTF-8"?>
<!-- Generated by org.testng.reporters.JUnitReportReporter -->
<testsuite hostname="DESKTOP-A395QOR" failures="0" tests="1" name="in.amazon.RestAssuredDemo.PutDemo" time="5.702" errors="0" timestamp="2023-08-17T10:56:04 IST" skipped="0">
  <testcase classname="in.amazon.RestAssuredDemo.PutDemo" name="updateResource" time="5.702"/>
  <system-out/>
</testsuite> <!-- in.amazon.RestAssuredDemo.PutDemo -->
